* using log directory ‘/home/colin/rato/rato.Rcheck’
* using R version 3.6.0 (2019-04-26)
* using platform: x86_64-pc-linux-gnu (64-bit)
* using session charset: UTF-8
* using options ‘--no-manual --as-cran’
* checking for file ‘rato/DESCRIPTION’ ... OK
* this is package ‘rato’ version ‘0.0.0.9000’
* package encoding: UTF-8
* checking package namespace information ... OK
* checking package dependencies ... OK
* checking if this is a source package ... OK
* checking if there is a namespace ... OK
* checking for executable files ... OK
* checking for hidden files and directories ... OK
* checking for portable file names ... OK
* checking for sufficient/correct file permissions ... OK
* checking serialization versions ... OK
* checking whether package ‘rato’ can be installed ... WARNING
Found the following significant warnings:
  Warning: replacing previous import ‘dplyr::intersect’ by ‘lubridate::intersect’ when loading ‘rato’
  Warning: replacing previous import ‘dplyr::union’ by ‘lubridate::union’ when loading ‘rato’
  Warning: replacing previous import ‘hms::hms’ by ‘lubridate::hms’ when loading ‘rato’
  Warning: replacing previous import ‘dplyr::setdiff’ by ‘lubridate::setdiff’ when loading ‘rato’
See ‘/home/colin/rato/rato.Rcheck/00install.out’ for details.
* checking installed package size ... OK
* checking package directory ... OK
* checking for future file timestamps ... OK
* checking DESCRIPTION meta-information ... OK
* checking top-level files ... OK
* checking for left-over files ... OK
* checking index information ... OK
* checking package subdirectories ... OK
* checking R files for non-ASCII characters ... OK
* checking R files for syntax errors ... OK
* checking whether the package can be loaded ... OK
* checking whether the package can be loaded with stated dependencies ... OK
* checking whether the package can be unloaded cleanly ... OK
* checking whether the namespace can be loaded with stated dependencies ... OK
* checking whether the namespace can be unloaded cleanly ... OK
* checking loading without being on the library search path ... OK
* checking dependencies in R code ... OK
* checking S3 generic/method consistency ... OK
* checking replacement functions ... OK
* checking foreign function calls ... OK
* checking R code for possible problems ... NOTE
compute_elo_fixed_K: no visible binding for global variable ‘Colony’
compute_elo_fixed_K: no visible binding for global variable ‘data’
compute_elo_fixed_K: no visible binding for global variable ‘new_df’
filter_all_data: no visible binding for global variable ‘Colony’
filter_all_data: no visible binding for global variable ‘ObsType’
filter_all_data: no visible binding for global variable ‘ObsRef’
filter_all_data: no visible binding for global variable ‘SessionCount’
filter_all_data: no visible binding for global variable ‘.’
filter_all_data: no visible binding for global variable ‘Scan’
filter_all_data: no visible binding for global variable ‘Focal’
filter_all_data: no visible binding for global variable ‘TotalSession’
filter_all_data: no visible binding for global variable
  ‘Winner_QueriedColony’
get_all_call: no visible binding for global variable ‘ObsTime’
get_all_call: no visible binding for global variable ‘ObsRef’
get_all_call: no visible binding for global variable ‘ObsType’
get_all_call: no visible binding for global variable ‘Date’
get_all_call_tidy: no visible binding for global variable ‘Winner’
get_all_call_tidy: no visible binding for global variable ‘Date’
get_all_call_tidy: no visible binding for global variable
  ‘ColonyOrigin’
get_all_call_tidy: no visible binding for global variable ‘Loser’
get_all_call_tidy: no visible binding for global variable ‘.’
get_all_call_tidy: no visible binding for global variable
  ‘QueriedColony’
get_all_call_tidy: no visible binding for global variable
  ‘Loser_QueriedColony’
get_all_call_tidy: no visible binding for global variable
  ‘Winner_QueriedColony’
get_all_call_tidy: no visible binding for global variable ‘SexLoser’
get_all_call_tidy: no visible binding for global variable ‘SexWinner’
get_characteristics: no visible binding for global variable ‘BirthDate’
get_characteristics: no visible binding for global variable ‘DeathDate’
get_characteristics: no visible binding for global variable
  ‘Mother_FirstLitter’
get_characteristics: no visible binding for global variable
  ‘Father_FirstLitter’
get_characteristics: no visible binding for global variable ‘AnimalID’
get_characteristics: no visible binding for global variable ‘Sex’
get_characteristics: no visible binding for global variable
  ‘Wildcaught’
get_characteristics: no visible binding for global variable
  ‘WildcaughtQueen’
get_characteristics: no visible binding for global variable ‘LitterRef’
get_colony: no visible binding for global variable ‘AnimalID’
get_colony: no visible binding for global variable ‘Date’
get_colony: no visible binding for global variable ‘MemberFrom’
get_colony: no visible binding for global variable ‘MemberTo’
get_colony: no visible binding for global variable ‘AnimalRef’
get_focal_call: no visible binding for global variable ‘ObsDate’
get_focal_call: no visible binding for global variable ‘NbCall’
get_focal_call: no visible binding for global variable ‘Date’
get_focal_call: no visible binding for global variable ‘.’
get_focal_call : <anonymous>: no visible binding for global variable
  ‘.’
get_focal_call: no visible binding for global variable ‘Received’
get_focal_call: no visible binding for global variable ‘AnimalID’
get_focal_call: no visible binding for global variable ‘Partner’
get_membership: no visible binding for global variable ‘MemberFrom’
get_membership: no visible binding for global variable ‘MemberTo’
get_membership: no visible binding for global variable ‘AnimalRef’
get_membership: no visible binding for global variable ‘AnimalID’
get_membership: no visible binding for global variable ‘QueriedColony’
get_membership: no visible binding for global variable ‘ColonyOrigin’
get_scan_call: no visible binding for global variable ‘ObsDate’
get_scan_call: no visible binding for global variable ‘Date’
get_scan_call: no visible binding for global variable ‘.’
get_scan_call : <anonymous>: no visible binding for global variable ‘.’
get_sex: no visible binding for global variable ‘AnimalID’
get_sex: no visible binding for global variable ‘Sex’
get_weight: no visible binding for global variable ‘WeightDate’
get_weight: no visible binding for global variable ‘AnimalID’
get_weight: no visible binding for global variable ‘Weight’
get_weight: no visible binding for global variable ‘WeightType’
Undefined global functions or variables:
  . AnimalID AnimalRef BirthDate Colony ColonyOrigin Date DeathDate
  Father_FirstLitter Focal LitterRef Loser Loser_QueriedColony
  MemberFrom MemberTo Mother_FirstLitter NbCall ObsDate ObsRef ObsTime
  ObsType Partner QueriedColony Received Scan SessionCount Sex SexLoser
  SexWinner TotalSession Weight WeightDate WeightType Wildcaught
  WildcaughtQueen Winner Winner_QueriedColony data new_df
Consider adding
  importFrom("utils", "data")
to your NAMESPACE file.
* checking Rd files ... OK
* checking Rd metadata ... OK
* checking Rd line widths ... OK
* checking Rd cross-references ... OK
* checking for missing documentation entries ... OK
* checking for code/documentation mismatches ... OK
* checking Rd \usage sections ... OK
* checking Rd contents ... OK
* checking for unstated dependencies in examples ... WARNING
'::' or ':::' imports not declared from:
  ‘RMySQL’ ‘getPass’
* checking examples ... ERROR
Running examples in ‘rato-Ex.R’ failed
The error most likely occurred in:

> base::assign(".ptime", proc.time(), pos = "CheckExEnv")
> ### Name: filter_all_data
> ### Title: filter_all_data
> ### Aliases: filter_all_data
> 
> ### ** Examples
> 
> con <- con <- DBI::dbConnect(RMySQL::MySQL(), user = 'philippev', password = getPass::getPass(),
+ dbname = 'Moleratdatabase', host = 'Kalahariresearch.org')
Please enter password in TK window (Alt+Tab)
Error in .local(drv, ...) : 
  Failed to connect to database: Error: Access denied for user 'philippev'@'213.30.230.26' (using password: NO)
Calls: <Anonymous> -> <Anonymous> -> .local
Execution halted
* DONE
Status: 1 ERROR, 2 WARNINGs, 1 NOTE
