* installing *source* package ‘rato’ ...
** using staged installation
** R
** byte-compile and prepare package for lazy loading
Warning: replacing previous import ‘dplyr::intersect’ by ‘lubridate::intersect’ when loading ‘rato’
Warning: replacing previous import ‘dplyr::union’ by ‘lubridate::union’ when loading ‘rato’
Warning: replacing previous import ‘hms::hms’ by ‘lubridate::hms’ when loading ‘rato’
Warning: replacing previous import ‘dplyr::setdiff’ by ‘lubridate::setdiff’ when loading ‘rato’
** help
*** installing help indices
** building package indices
** testing if installed package can be loaded from temporary location
Warning: replacing previous import ‘dplyr::intersect’ by ‘lubridate::intersect’ when loading ‘rato’
Warning: replacing previous import ‘dplyr::union’ by ‘lubridate::union’ when loading ‘rato’
Warning: replacing previous import ‘hms::hms’ by ‘lubridate::hms’ when loading ‘rato’
Warning: replacing previous import ‘dplyr::setdiff’ by ‘lubridate::setdiff’ when loading ‘rato’
** testing if installed package can be loaded from final location
Warning: replacing previous import ‘dplyr::intersect’ by ‘lubridate::intersect’ when loading ‘rato’
Warning: replacing previous import ‘dplyr::union’ by ‘lubridate::union’ when loading ‘rato’
Warning: replacing previous import ‘hms::hms’ by ‘lubridate::hms’ when loading ‘rato’
Warning: replacing previous import ‘dplyr::setdiff’ by ‘lubridate::setdiff’ when loading ‘rato’
** testing if installed package keeps a record of temporary installation path
* DONE (rato)
